     1 00000000                                 [FORMAT "WCOFF"]
     2 00000000                                 [INSTRSET "i486p"]
     3 00000000                                 [BITS 32]
     4 00000000                                 [FILE "a_nask.nas"]
     5 00000000                                 
     6 00000000                                 		GLOBAL	_api_putchar
     7 00000000                                 		GLOBAL	_api_putstr0
     8 00000000                                 		GLOBAL	_api_end
     9 00000000                                 		GLOBAL	_api_openwin
    10 00000000                                 		GLOBAL	_api_putstrwin
    11 00000000                                 		GLOBAL	_api_boxfilwin
    12 00000000                                 		GLOBAL	_api_initmalloc
    13 00000000                                 		GLOBAL	_api_malloc
    14 00000000                                 		GLOBAL	_api_free
    15 00000000                                 		GLOBAL	_api_point
    16 00000000                                 		GLOBAL	_api_refreshwin
    17 00000000                                 		GLOBAL	_api_linewin
    18 00000000                                 		GLOBAL	_api_closewin
    19 00000000                                 		GLOBAL	_api_getkey
    20 00000000                                 		GLOBAL	_api_alloctimer
    21 00000000                                 		GLOBAL	_api_inittimer
    22 00000000                                 		GLOBAL	_api_settimer
    23 00000000                                 		GLOBAL	_api_freetimer
    24 00000000                                 
    25                                          [SECTION .text]
    26 00000000                                 
    27 00000000                                 _api_putchar:	; void api_putchar(int c);
    28 00000000 BA 00000001                     		MOV		EDX,1
    29 00000005 8A 44 24 04                     		MOV		AL,[ESP+4]		; c
    30 00000009 CD 40                           		INT		0x40
    31 0000000B C3                              		RET
    32 0000000C                                 
    33 0000000C                                 _api_putstr0:	; void api_putstr0(char *s);
    34 0000000C 53                              		PUSH	EBX
    35 0000000D BA 00000002                     		MOV		EDX,2
    36 00000012 8B 5C 24 08                     		MOV		EBX,[ESP+8]		; s
    37 00000016 CD 40                           		INT		0x40
    38 00000018 5B                              		POP		EBX
    39 00000019 C3                              		RET
    40 0000001A                                 
    41 0000001A                                 _api_end:	; void api_end(void);
    42 0000001A BA 00000004                     		MOV		EDX,4
    43 0000001F CD 40                           		INT		0x40
    44 00000021                                 
    45 00000021                                 _api_openwin:	; int api_openwin(char *buf, int xsiz, int ysiz, int col_inv, char *title);
    46 00000021 57                              		PUSH	EDI
    47 00000022 56                              		PUSH	ESI
    48 00000023 53                              		PUSH	EBX
    49 00000024 BA 00000005                     		MOV		EDX,5
    50 00000029 8B 5C 24 10                     		MOV		EBX,[ESP+16]	; buf
    51 0000002D 8B 74 24 14                     		MOV		ESI,[ESP+20]	; xsiz
    52 00000031 8B 7C 24 18                     		MOV		EDI,[ESP+24]	; ysiz
    53 00000035 8B 44 24 1C                     		MOV		EAX,[ESP+28]	; col_inv
    54 00000039 8B 4C 24 20                     		MOV		ECX,[ESP+32]	; title
    55 0000003D CD 40                           		INT		0x40
    56 0000003F 5B                              		POP		EBX
    57 00000040 5E                              		POP		ESI
    58 00000041 5F                              		POP		EDI
    59 00000042 C3                              		RET
    60 00000043                                 
    61 00000043                                 _api_putstrwin:	; void api_putstrwin(int win, int x, int y, int col, int len, char *str);
    62 00000043 57                              		PUSH	EDI
    63 00000044 56                              		PUSH	ESI
    64 00000045 55                              		PUSH	EBP
    65 00000046 53                              		PUSH	EBX
    66 00000047 BA 00000006                     		MOV		EDX,6
    67 0000004C 8B 5C 24 14                     		MOV		EBX,[ESP+20]	; win
    68 00000050 8B 74 24 18                     		MOV		ESI,[ESP+24]	; x
    69 00000054 8B 7C 24 1C                     		MOV		EDI,[ESP+28]	; y
    70 00000058 8B 44 24 20                     		MOV		EAX,[ESP+32]	; col
    71 0000005C 8B 4C 24 24                     		MOV		ECX,[ESP+36]	; len
    72 00000060 8B 6C 24 28                     		MOV		EBP,[ESP+40]	; str
    73 00000064 CD 40                           		INT		0x40
    74 00000066 5B                              		POP		EBX
    75 00000067 5D                              		POP		EBP
    76 00000068 5E                              		POP		ESI
    77 00000069 5F                              		POP		EDI
    78 0000006A C3                              		RET
    79 0000006B                                 
    80 0000006B                                 _api_boxfilwin:	; void api_boxfilwin(int win, int x0, int y0, int x1, int y1, int col);
    81 0000006B 57                              		PUSH	EDI
    82 0000006C 56                              		PUSH	ESI
    83 0000006D 55                              		PUSH	EBP
    84 0000006E 53                              		PUSH	EBX
    85 0000006F BA 00000007                     		MOV		EDX,7
    86 00000074 8B 5C 24 14                     		MOV		EBX,[ESP+20]	; win
    87 00000078 8B 44 24 18                     		MOV		EAX,[ESP+24]	; x0
    88 0000007C 8B 4C 24 1C                     		MOV		ECX,[ESP+28]	; y0
    89 00000080 8B 74 24 20                     		MOV		ESI,[ESP+32]	; x1
    90 00000084 8B 7C 24 24                     		MOV		EDI,[ESP+36]	; y1
    91 00000088 8B 6C 24 28                     		MOV		EBP,[ESP+40]	; col
    92 0000008C CD 40                           		INT		0x40
    93 0000008E 5B                              		POP		EBX
    94 0000008F 5D                              		POP		EBP
    95 00000090 5E                              		POP		ESI
    96 00000091 5F                              		POP		EDI
    97 00000092 C3                              		RET
    98 00000093                                 
    99 00000093                                 _api_initmalloc:	; void api_initmalloc(void);
   100 00000093 53                              		PUSH	EBX
   101 00000094 BA 00000008                     		MOV		EDX,8
   102 00000099 2E 8B 1D 00000020               		MOV		EBX,[CS:0x0020]		; malloc領域の番地
   103 000000A0 89 D8                           		MOV		EAX,EBX
   104 000000A2 05 00008000                     		ADD		EAX,32*1024			; 32KBを足す
   105 000000A7 2E 8B 0D 00000000               		MOV		ECX,[CS:0x0000]		; データセグメントの大きさ
   106 000000AE 29 C1                           		SUB		ECX,EAX
   107 000000B0 CD 40                           		INT		0x40
   108 000000B2 5B                              		POP		EBX
   109 000000B3 C3                              		RET
   110 000000B4                                 
   111 000000B4                                 _api_malloc:		; char *api_malloc(int size);
   112 000000B4 53                              		PUSH	EBX
   113 000000B5 BA 00000009                     		MOV		EDX,9
   114 000000BA 2E 8B 1D 00000020               		MOV		EBX,[CS:0x0020]
   115 000000C1 8B 4C 24 08                     		MOV		ECX,[ESP+8]			; size
   116 000000C5 CD 40                           		INT		0x40
   117 000000C7 5B                              		POP		EBX
   118 000000C8 C3                              		RET
   119 000000C9                                 
   120 000000C9                                 _api_free:			; void api_free(char *addr, int size);
   121 000000C9 53                              		PUSH	EBX
   122 000000CA BA 0000000A                     		MOV		EDX,10
   123 000000CF 2E 8B 1D 00000020               		MOV		EBX,[CS:0x0020]
   124 000000D6 8B 44 24 08                     		MOV		EAX,[ESP+ 8]		; addr
   125 000000DA 8B 4C 24 0C                     		MOV		ECX,[ESP+12]		; size
   126 000000DE CD 40                           		INT		0x40
   127 000000E0 5B                              		POP		EBX
   128 000000E1 C3                              		RET
   129 000000E2                                 
   130 000000E2                                 _api_point:		; void api_point(int win, int x, int y, int col);
   131 000000E2 57                              		PUSH	EDI
   132 000000E3 56                              		PUSH	ESI
   133 000000E4 53                              		PUSH	EBX
   134 000000E5 BA 0000000B                     		MOV		EDX,11
   135 000000EA 8B 5C 24 10                     		MOV		EBX,[ESP+16]	; win
   136 000000EE 8B 74 24 14                     		MOV		ESI,[ESP+20]	; x
   137 000000F2 8B 7C 24 18                     		MOV		EDI,[ESP+24]	; y
   138 000000F6 8B 44 24 1C                     		MOV		EAX,[ESP+28]	; col
   139 000000FA CD 40                           		INT		0x40
   140 000000FC 5B                              		POP		EBX
   141 000000FD 5E                              		POP		ESI
   142 000000FE 5F                              		POP		EDI
   143 000000FF C3                              		RET
   144 00000100                                 
   145 00000100                                 _api_refreshwin:	; void api_refreshwin(int win, int x0, int y0, int x1, int y1);
   146 00000100 57                              		PUSH	EDI
   147 00000101 56                              		PUSH	ESI
   148 00000102 53                              		PUSH	EBX
   149 00000103 BA 0000000C                     		MOV		EDX,12
   150 00000108 8B 5C 24 10                     		MOV		EBX,[ESP+16]	; win
   151 0000010C 8B 44 24 14                     		MOV		EAX,[ESP+20]	; x0
   152 00000110 8B 4C 24 18                     		MOV		ECX,[ESP+24]	; y0
   153 00000114 8B 74 24 1C                     		MOV		ESI,[ESP+28]	; x1
   154 00000118 8B 7C 24 20                     		MOV		EDI,[ESP+32]	; y1
   155 0000011C CD 40                           		INT		0x40
   156 0000011E 5B                              		POP		EBX
   157 0000011F 5E                              		POP		ESI
   158 00000120 5F                              		POP		EDI
   159 00000121 C3                              		RET
   160 00000122                                 
   161 00000122                                 _api_linewin:		; void api_linewin(int win, int x0, int y0, int x1, int y1, int col);
   162 00000122 57                              		PUSH	EDI
   163 00000123 56                              		PUSH	ESI
   164 00000124 55                              		PUSH	EBP
   165 00000125 53                              		PUSH	EBX
   166 00000126 BA 0000000D                     		MOV		EDX,13
   167 0000012B 8B 5C 24 14                     		MOV		EBX,[ESP+20]	; win
   168 0000012F 8B 44 24 18                     		MOV		EAX,[ESP+24]	; x0
   169 00000133 8B 4C 24 1C                     		MOV		ECX,[ESP+28]	; y0
   170 00000137 8B 74 24 20                     		MOV		ESI,[ESP+32]	; x1
   171 0000013B 8B 7C 24 24                     		MOV		EDI,[ESP+36]	; y1
   172 0000013F 8B 6C 24 28                     		MOV		EBP,[ESP+40]	; col
   173 00000143 CD 40                           		INT		0x40
   174 00000145 5B                              		POP		EBX
   175 00000146 5D                              		POP		EBP
   176 00000147 5E                              		POP		ESI
   177 00000148 5F                              		POP		EDI
   178 00000149 C3                              		RET
   179 0000014A                                 
   180 0000014A                                 _api_closewin:		; void api_closewin(int win);
   181 0000014A 53                              		PUSH	EBX
   182 0000014B BA 0000000E                     		MOV		EDX,14
   183 00000150 8B 5C 24 08                     		MOV		EBX,[ESP+8]	; win
   184 00000154 CD 40                           		INT		0x40
   185 00000156 5B                              		POP		EBX
   186 00000157 C3                              		RET
   187 00000158                                 
   188 00000158                                 _api_getkey:		; int api_getkey(int mode);
   189 00000158 BA 0000000F                     		MOV		EDX,15
   190 0000015D 8B 44 24 04                     		MOV		EAX,[ESP+4]	; mode
   191 00000161 CD 40                           		INT		0x40
   192 00000163 C3                              		RET
   193 00000164                                 
   194 00000164                                 _api_alloctimer:	; int api_alloctimer(void);
   195 00000164 BA 00000010                     		MOV		EDX,16
   196 00000169 CD 40                           		INT		0x40
   197 0000016B C3                              		RET
   198 0000016C                                 
   199 0000016C                                 _api_inittimer:		; void api_inittimer(int timer, int data);
   200 0000016C 53                              		PUSH	EBX
   201 0000016D BA 00000011                     		MOV		EDX,17
   202 00000172 8B 5C 24 08                     		MOV		EBX,[ESP+ 8]		; timer
   203 00000176 8B 44 24 0C                     		MOV		EAX,[ESP+12]		; data
   204 0000017A CD 40                           		INT		0x40
   205 0000017C 5B                              		POP		EBX
   206 0000017D C3                              		RET
   207 0000017E                                 
   208 0000017E                                 _api_settimer:		; void api_settimer(int timer, int time);
   209 0000017E 53                              		PUSH	EBX
   210 0000017F BA 00000012                     		MOV		EDX,18
   211 00000184 8B 5C 24 08                     		MOV		EBX,[ESP+ 8]		; timer
   212 00000188 8B 44 24 0C                     		MOV		EAX,[ESP+12]		; time
   213 0000018C CD 40                           		INT		0x40
   214 0000018E 5B                              		POP		EBX
   215 0000018F C3                              		RET
   216 00000190                                 
   217 00000190                                 _api_freetimer:		; void api_freetimer(int timer);
   218 00000190 53                              		PUSH	EBX
   219 00000191 BA 00000013                     		MOV		EDX,19
   220 00000196 8B 5C 24 08                     		MOV		EBX,[ESP+ 8]		; timer
   221 0000019A CD 40                           		INT		0x40
   222 0000019C 5B                              		POP		EBX
   223 0000019D C3                              		RET
