     1 00000000                                 [FORMAT "WCOFF"]
     2 00000000                                 [INSTRSET "i486p"]
     3 00000000                                 [OPTIMIZE 1]
     4 00000000                                 [OPTION 1]
     5 00000000                                 [BITS 32]
     6 00000000                                 	EXTERN	_io_hlt
     7 00000000                                 	EXTERN	_memman_alloc_4k
     8 00000000                                 	EXTERN	_set_segmdesc
     9 00000000                                 	EXTERN	_load_tr
    10 00000000                                 	EXTERN	_timer_alloc
    11 00000000                                 	EXTERN	_timer_settime
    12 00000000                                 	EXTERN	_farjmp
    13 00000000                                 [FILE "mtask.c"]
    14                                          [SECTION .text]
    15 00000000                                 	GLOBAL	_task_now
    16 00000000                                 _task_now:
    17 00000000 A1 [00000004]                   	MOV	EAX,DWORD [_taskctl]
    18 00000005 55                              	PUSH	EBP
    19 00000006 89 E5                           	MOV	EBP,ESP
    20 00000008 5D                              	POP	EBP
    21 00000009 8B 10                           	MOV	EDX,DWORD [EAX]
    22 0000000B 69 D2 00000198                  	IMUL	EDX,EDX,408
    23 00000011 8D 44 02 08                     	LEA	EAX,DWORD [8+EDX+EAX*1]
    24 00000015 8B 50 04                        	MOV	EDX,DWORD [4+EAX]
    25 00000018 8B 44 90 08                     	MOV	EAX,DWORD [8+EAX+EDX*4]
    26 0000001C C3                              	RET
    27 0000001D                                 	GLOBAL	_task_add
    28 0000001D                                 _task_add:
    29 0000001D 55                              	PUSH	EBP
    30 0000001E 89 E5                           	MOV	EBP,ESP
    31 00000020 8B 4D 08                        	MOV	ECX,DWORD [8+EBP]
    32 00000023 8B 51 08                        	MOV	EDX,DWORD [8+ECX]
    33 00000026 69 D2 00000198                  	IMUL	EDX,EDX,408
    34 0000002C 03 15 [00000004]                	ADD	EDX,DWORD [_taskctl]
    35 00000032 8B 42 08                        	MOV	EAX,DWORD [8+EDX]
    36 00000035 89 4C 82 10                     	MOV	DWORD [16+EDX+EAX*4],ECX
    37 00000039 40                              	INC	EAX
    38 0000003A 89 42 08                        	MOV	DWORD [8+EDX],EAX
    39 0000003D C7 41 04 00000002               	MOV	DWORD [4+ECX],2
    40 00000044 5D                              	POP	EBP
    41 00000045 C3                              	RET
    42 00000046                                 	GLOBAL	_task_remove
    43 00000046                                 _task_remove:
    44 00000046 55                              	PUSH	EBP
    45 00000047 31 C9                           	XOR	ECX,ECX
    46 00000049 89 E5                           	MOV	EBP,ESP
    47 0000004B 53                              	PUSH	EBX
    48 0000004C 8B 5D 08                        	MOV	EBX,DWORD [8+EBP]
    49 0000004F 8B 43 08                        	MOV	EAX,DWORD [8+EBX]
    50 00000052 69 C0 00000198                  	IMUL	EAX,EAX,408
    51 00000058 03 05 [00000004]                	ADD	EAX,DWORD [_taskctl]
    52 0000005E 8D 50 08                        	LEA	EDX,DWORD [8+EAX]
    53 00000061 3B 48 08                        	CMP	ECX,DWORD [8+EAX]
    54 00000064 7D 0B                           	JGE	L5
    55 00000066                                 L9:
    56 00000066 39 5C 8A 08                     	CMP	DWORD [8+EDX+ECX*4],EBX
    57 0000006A 74 05                           	JE	L5
    58 0000006C 41                              	INC	ECX
    59 0000006D 3B 0A                           	CMP	ECX,DWORD [EDX]
    60 0000006F 7C F5                           	JL	L9
    61 00000071                                 L5:
    62 00000071 8B 42 04                        	MOV	EAX,DWORD [4+EDX]
    63 00000074 FF 0A                           	DEC	DWORD [EDX]
    64 00000076 39 C1                           	CMP	ECX,EAX
    65 00000078 7D 04                           	JGE	L10
    66 0000007A 48                              	DEC	EAX
    67 0000007B 89 42 04                        	MOV	DWORD [4+EDX],EAX
    68 0000007E                                 L10:
    69 0000007E 8B 02                           	MOV	EAX,DWORD [EDX]
    70 00000080 39 42 04                        	CMP	DWORD [4+EDX],EAX
    71 00000083 7C 07                           	JL	L11
    72 00000085 C7 42 04 00000000               	MOV	DWORD [4+EDX],0
    73 0000008C                                 L11:
    74 0000008C C7 43 04 00000001               	MOV	DWORD [4+EBX],1
    75 00000093 8B 1A                           	MOV	EBX,DWORD [EDX]
    76 00000095 39 D9                           	CMP	ECX,EBX
    77 00000097 7D 0D                           	JGE	L19
    78 00000099                                 L16:
    79 00000099 8B 44 8A 0C                     	MOV	EAX,DWORD [12+EDX+ECX*4]
    80 0000009D 89 44 8A 08                     	MOV	DWORD [8+EDX+ECX*4],EAX
    81 000000A1 41                              	INC	ECX
    82 000000A2 39 D9                           	CMP	ECX,EBX
    83 000000A4 7C F3                           	JL	L16
    84 000000A6                                 L19:
    85 000000A6 5B                              	POP	EBX
    86 000000A7 5D                              	POP	EBP
    87 000000A8 C3                              	RET
    88 000000A9                                 	GLOBAL	_task_switchsub
    89 000000A9                                 _task_switchsub:
    90 000000A9 55                              	PUSH	EBP
    91 000000AA 31 C9                           	XOR	ECX,ECX
    92 000000AC 89 E5                           	MOV	EBP,ESP
    93 000000AE A1 [00000004]                   	MOV	EAX,DWORD [_taskctl]
    94 000000B3 31 D2                           	XOR	EDX,EDX
    95 000000B5                                 L26:
    96 000000B5 83 7C 10 08 00                  	CMP	DWORD [8+EAX+EDX*1],0
    97 000000BA 7F 0C                           	JG	L22
    98 000000BC 41                              	INC	ECX
    99 000000BD 81 C2 00000198                  	ADD	EDX,408
   100 000000C3 83 F9 09                        	CMP	ECX,9
   101 000000C6 7E ED                           	JLE	L26
   102 000000C8                                 L22:
   103 000000C8 89 08                           	MOV	DWORD [EAX],ECX
   104 000000CA C6 40 04 00                     	MOV	BYTE [4+EAX],0
   105 000000CE 5D                              	POP	EBP
   106 000000CF C3                              	RET
   107 000000D0                                 	GLOBAL	_task_idle
   108 000000D0                                 _task_idle:
   109 000000D0 55                              	PUSH	EBP
   110 000000D1 89 E5                           	MOV	EBP,ESP
   111 000000D3                                 L29:
   112 000000D3 E8 [00000000]                   	CALL	_io_hlt
   113 000000D8 EB F9                           	JMP	L29
   114 000000DA                                 	GLOBAL	_task_init
   115 000000DA                                 _task_init:
   116 000000DA 55                              	PUSH	EBP
   117 000000DB 89 E5                           	MOV	EBP,ESP
   118 000000DD 57                              	PUSH	EDI
   119 000000DE 56                              	PUSH	ESI
   120 000000DF 31 FF                           	XOR	EDI,EDI
   121 000000E1 53                              	PUSH	EBX
   122 000000E2 31 F6                           	XOR	ESI,ESI
   123 000000E4 68 00025218                     	PUSH	152088
   124 000000E9 BB 000003E7                     	MOV	EBX,999
   125 000000EE FF 75 08                        	PUSH	DWORD [8+EBP]
   126 000000F1 E8 [00000000]                   	CALL	_memman_alloc_4k
   127 000000F6 A3 [00000004]                   	MOV	DWORD [_taskctl],EAX
   128 000000FB 58                              	POP	EAX
   129 000000FC 5A                              	POP	EDX
   130 000000FD                                 L37:
   131 000000FD 89 F8                           	MOV	EAX,EDI
   132 000000FF 8D 56 18                        	LEA	EDX,DWORD [24+ESI]
   133 00000102 03 05 [00000004]                	ADD	EAX,DWORD [_taskctl]
   134 00000108 81 C7 00000094                  	ADD	EDI,148
   135 0000010E C7 80 00000FFC 00000000         	MOV	DWORD [4092+EAX],0
   136 00000118 89 90 00000FF8                  	MOV	DWORD [4088+EAX],EDX
   137 0000011E 05 00001024                     	ADD	EAX,4132
   138 00000123 68 00000089                     	PUSH	137
   139 00000128 50                              	PUSH	EAX
   140 00000129 8D 86 00270018                  	LEA	EAX,DWORD [2555928+ESI]
   141 0000012F 6A 67                           	PUSH	103
   142 00000131 83 C6 08                        	ADD	ESI,8
   143 00000134 50                              	PUSH	EAX
   144 00000135 E8 [00000000]                   	CALL	_set_segmdesc
   145 0000013A 83 C4 10                        	ADD	ESP,16
   146 0000013D 4B                              	DEC	EBX
   147 0000013E 79 BD                           	JNS	L37
   148 00000140 8B 0D [00000004]                	MOV	ECX,DWORD [_taskctl]
   149 00000146 31 D2                           	XOR	EDX,EDX
   150 00000148 BB 00000009                     	MOV	EBX,9
   151 0000014D                                 L42:
   152 0000014D 8D 04 11                        	LEA	EAX,DWORD [ECX+EDX*1]
   153 00000150 81 C2 00000198                  	ADD	EDX,408
   154 00000156 4B                              	DEC	EBX
   155 00000157 C7 40 08 00000000               	MOV	DWORD [8+EAX],0
   156 0000015E C7 40 0C 00000000               	MOV	DWORD [12+EAX],0
   157 00000165 79 E6                           	JNS	L42
   158 00000167 E8 000000A6                     	CALL	_task_alloc
   159 0000016C 89 C6                           	MOV	ESI,EAX
   160 0000016E C7 40 04 00000002               	MOV	DWORD [4+EAX],2
   161 00000175 C7 40 0C 00000002               	MOV	DWORD [12+EAX],2
   162 0000017C C7 40 08 00000000               	MOV	DWORD [8+EAX],0
   163 00000183 50                              	PUSH	EAX
   164 00000184 E8 FFFFFE94                     	CALL	_task_add
   165 00000189 E8 FFFFFF1B                     	CALL	_task_switchsub
   166 0000018E FF 36                           	PUSH	DWORD [ESI]
   167 00000190 E8 [00000000]                   	CALL	_load_tr
   168 00000195 E8 [00000000]                   	CALL	_timer_alloc
   169 0000019A FF 76 0C                        	PUSH	DWORD [12+ESI]
   170 0000019D 50                              	PUSH	EAX
   171 0000019E A3 [00000000]                   	MOV	DWORD [_task_timer],EAX
   172 000001A3 E8 [00000000]                   	CALL	_timer_settime
   173 000001A8 E8 00000065                     	CALL	_task_alloc
   174 000001AD 68 00010000                     	PUSH	65536
   175 000001B2 FF 75 08                        	PUSH	DWORD [8+EBP]
   176 000001B5 89 C3                           	MOV	EBX,EAX
   177 000001B7 E8 [00000000]                   	CALL	_memman_alloc_4k
   178 000001BC 05 00010000                     	ADD	EAX,65536
   179 000001C1 89 43 64                        	MOV	DWORD [100+EBX],EAX
   180 000001C4 C7 43 4C [000000D0]             	MOV	DWORD [76+EBX],_task_idle
   181 000001CB C7 43 74 00000008               	MOV	DWORD [116+EBX],8
   182 000001D2 C7 43 78 00000010               	MOV	DWORD [120+EBX],16
   183 000001D9 C7 43 7C 00000008               	MOV	DWORD [124+EBX],8
   184 000001E0 C7 83 00000080 00000008         	MOV	DWORD [128+EBX],8
   185 000001EA C7 83 00000084 00000008         	MOV	DWORD [132+EBX],8
   186 000001F4 C7 83 00000088 00000008         	MOV	DWORD [136+EBX],8
   187 000001FE 6A 01                           	PUSH	1
   188 00000200 6A 09                           	PUSH	9
   189 00000202 53                              	PUSH	EBX
   190 00000203 E8 000000BE                     	CALL	_task_run
   191 00000208 8D 65 F4                        	LEA	ESP,DWORD [-12+EBP]
   192 0000020B 5B                              	POP	EBX
   193 0000020C 89 F0                           	MOV	EAX,ESI
   194 0000020E 5E                              	POP	ESI
   195 0000020F 5F                              	POP	EDI
   196 00000210 5D                              	POP	EBP
   197 00000211 C3                              	RET
   198 00000212                                 	GLOBAL	_task_alloc
   199 00000212                                 _task_alloc:
   200 00000212 55                              	PUSH	EBP
   201 00000213 31 C9                           	XOR	ECX,ECX
   202 00000215 89 E5                           	MOV	EBP,ESP
   203 00000217 31 D2                           	XOR	EDX,EDX
   204 00000219                                 L53:
   205 00000219 89 D0                           	MOV	EAX,EDX
   206 0000021B 03 05 [00000004]                	ADD	EAX,DWORD [_taskctl]
   207 00000221 83 B8 00000FFC 00               	CMP	DWORD [4092+EAX],0
   208 00000228 74 13                           	JE	L56
   209 0000022A 41                              	INC	ECX
   210 0000022B 81 C2 00000094                  	ADD	EDX,148
   211 00000231 81 F9 000003E7                  	CMP	ECX,999
   212 00000237 7E E0                           	JLE	L53
   213 00000239 31 C0                           	XOR	EAX,EAX
   214 0000023B                                 L47:
   215 0000023B 5D                              	POP	EBP
   216 0000023C C3                              	RET
   217 0000023D                                 L56:
   218 0000023D 05 00000FF8                     	ADD	EAX,4088
   219 00000242 C7 40 04 00000001               	MOV	DWORD [4+EAX],1
   220 00000249 C7 40 50 00000202               	MOV	DWORD [80+EAX],514
   221 00000250 C7 40 54 00000000               	MOV	DWORD [84+EAX],0
   222 00000257 C7 40 58 00000000               	MOV	DWORD [88+EAX],0
   223 0000025E C7 40 5C 00000000               	MOV	DWORD [92+EAX],0
   224 00000265 C7 40 60 00000000               	MOV	DWORD [96+EAX],0
   225 0000026C C7 40 68 00000000               	MOV	DWORD [104+EAX],0
   226 00000273 C7 40 6C 00000000               	MOV	DWORD [108+EAX],0
   227 0000027A C7 40 70 00000000               	MOV	DWORD [112+EAX],0
   228 00000281 C7 40 74 00000000               	MOV	DWORD [116+EAX],0
   229 00000288 C7 80 00000080 00000000         	MOV	DWORD [128+EAX],0
   230 00000292 C7 80 00000084 00000000         	MOV	DWORD [132+EAX],0
   231 0000029C C7 80 00000088 00000000         	MOV	DWORD [136+EAX],0
   232 000002A6 C7 80 0000008C 00000000         	MOV	DWORD [140+EAX],0
   233 000002B0 C7 80 00000090 40000000         	MOV	DWORD [144+EAX],1073741824
   234 000002BA C7 40 34 00000000               	MOV	DWORD [52+EAX],0
   235 000002C1 E9 FFFFFF75                     	JMP	L47
   236 000002C6                                 	GLOBAL	_task_run
   237 000002C6                                 _task_run:
   238 000002C6 55                              	PUSH	EBP
   239 000002C7 89 E5                           	MOV	EBP,ESP
   240 000002C9 56                              	PUSH	ESI
   241 000002CA 53                              	PUSH	EBX
   242 000002CB 8B 75 0C                        	MOV	ESI,DWORD [12+EBP]
   243 000002CE 8B 45 10                        	MOV	EAX,DWORD [16+EBP]
   244 000002D1 8B 5D 08                        	MOV	EBX,DWORD [8+EBP]
   245 000002D4 85 F6                           	TEST	ESI,ESI
   246 000002D6 78 3B                           	JS	L62
   247 000002D8                                 L58:
   248 000002D8 85 C0                           	TEST	EAX,EAX
   249 000002DA 7E 03                           	JLE	L59
   250 000002DC 89 43 0C                        	MOV	DWORD [12+EBX],EAX
   251 000002DF                                 L59:
   252 000002DF 83 7B 04 02                     	CMP	DWORD [4+EBX],2
   253 000002E3 74 20                           	JE	L63
   254 000002E5                                 L60:
   255 000002E5 83 7B 04 02                     	CMP	DWORD [4+EBX],2
   256 000002E9 74 0A                           	JE	L61
   257 000002EB 89 73 08                        	MOV	DWORD [8+EBX],ESI
   258 000002EE 53                              	PUSH	EBX
   259 000002EF E8 FFFFFD29                     	CALL	_task_add
   260 000002F4 59                              	POP	ECX
   261 000002F5                                 L61:
   262 000002F5 A1 [00000004]                   	MOV	EAX,DWORD [_taskctl]
   263 000002FA C6 40 04 01                     	MOV	BYTE [4+EAX],1
   264 000002FE 8D 65 F8                        	LEA	ESP,DWORD [-8+EBP]
   265 00000301 5B                              	POP	EBX
   266 00000302 5E                              	POP	ESI
   267 00000303 5D                              	POP	EBP
   268 00000304 C3                              	RET
   269 00000305                                 L63:
   270 00000305 39 73 08                        	CMP	DWORD [8+EBX],ESI
   271 00000308 74 DB                           	JE	L60
   272 0000030A 53                              	PUSH	EBX
   273 0000030B E8 FFFFFD36                     	CALL	_task_remove
   274 00000310 58                              	POP	EAX
   275 00000311 EB D2                           	JMP	L60
   276 00000313                                 L62:
   277 00000313 8B 73 08                        	MOV	ESI,DWORD [8+EBX]
   278 00000316 EB C0                           	JMP	L58
   279 00000318                                 	GLOBAL	_task_sleep
   280 00000318                                 _task_sleep:
   281 00000318 55                              	PUSH	EBP
   282 00000319 89 E5                           	MOV	EBP,ESP
   283 0000031B 56                              	PUSH	ESI
   284 0000031C 53                              	PUSH	EBX
   285 0000031D 8B 75 08                        	MOV	ESI,DWORD [8+EBP]
   286 00000320 83 7E 04 02                     	CMP	DWORD [4+ESI],2
   287 00000324 74 07                           	JE	L67
   288 00000326                                 L64:
   289 00000326 8D 65 F8                        	LEA	ESP,DWORD [-8+EBP]
   290 00000329 5B                              	POP	EBX
   291 0000032A 5E                              	POP	ESI
   292 0000032B 5D                              	POP	EBP
   293 0000032C C3                              	RET
   294 0000032D                                 L67:
   295 0000032D E8 FFFFFCCE                     	CALL	_task_now
   296 00000332 56                              	PUSH	ESI
   297 00000333 89 C3                           	MOV	EBX,EAX
   298 00000335 E8 FFFFFD0C                     	CALL	_task_remove
   299 0000033A 59                              	POP	ECX
   300 0000033B 39 DE                           	CMP	ESI,EBX
   301 0000033D 75 E7                           	JNE	L64
   302 0000033F E8 FFFFFD65                     	CALL	_task_switchsub
   303 00000344 E8 FFFFFCB7                     	CALL	_task_now
   304 00000349 FF 30                           	PUSH	DWORD [EAX]
   305 0000034B 6A 00                           	PUSH	0
   306 0000034D E8 [00000000]                   	CALL	_farjmp
   307 00000352 58                              	POP	EAX
   308 00000353 5A                              	POP	EDX
   309 00000354 EB D0                           	JMP	L64
   310 00000356                                 	GLOBAL	_task_switch
   311 00000356                                 _task_switch:
   312 00000356 55                              	PUSH	EBP
   313 00000357 89 E5                           	MOV	EBP,ESP
   314 00000359 56                              	PUSH	ESI
   315 0000035A 53                              	PUSH	EBX
   316 0000035B 8B 1D [00000004]                	MOV	EBX,DWORD [_taskctl]
   317 00000361 8B 13                           	MOV	EDX,DWORD [EBX]
   318 00000363 69 D2 00000198                  	IMUL	EDX,EDX,408
   319 00000369 8D 14 1A                        	LEA	EDX,DWORD [EDX+EBX*1]
   320 0000036C 8D 4A 08                        	LEA	ECX,DWORD [8+EDX]
   321 0000036F 8B 41 04                        	MOV	EAX,DWORD [4+ECX]
   322 00000372 8B 74 81 08                     	MOV	ESI,DWORD [8+ECX+EAX*4]
   323 00000376 40                              	INC	EAX
   324 00000377 89 41 04                        	MOV	DWORD [4+ECX],EAX
   325 0000037A 3B 42 08                        	CMP	EAX,DWORD [8+EDX]
   326 0000037D 74 4C                           	JE	L72
   327 0000037F                                 L69:
   328 0000037F 80 7B 04 00                     	CMP	BYTE [4+EBX],0
   329 00000383 75 2D                           	JNE	L73
   330 00000385                                 L70:
   331 00000385 8B 41 04                        	MOV	EAX,DWORD [4+ECX]
   332 00000388 8B 5C 81 08                     	MOV	EBX,DWORD [8+ECX+EAX*4]
   333 0000038C FF 73 0C                        	PUSH	DWORD [12+EBX]
   334 0000038F FF 35 [00000000]                	PUSH	DWORD [_task_timer]
   335 00000395 E8 [00000000]                   	CALL	_timer_settime
   336 0000039A 39 F3                           	CMP	EBX,ESI
   337 0000039C 58                              	POP	EAX
   338 0000039D 5A                              	POP	EDX
   339 0000039E 74 0B                           	JE	L68
   340 000003A0 FF 33                           	PUSH	DWORD [EBX]
   341 000003A2 6A 00                           	PUSH	0
   342 000003A4 E8 [00000000]                   	CALL	_farjmp
   343 000003A9 5B                              	POP	EBX
   344 000003AA 5E                              	POP	ESI
   345 000003AB                                 L68:
   346 000003AB 8D 65 F8                        	LEA	ESP,DWORD [-8+EBP]
   347 000003AE 5B                              	POP	EBX
   348 000003AF 5E                              	POP	ESI
   349 000003B0 5D                              	POP	EBP
   350 000003B1 C3                              	RET
   351 000003B2                                 L73:
   352 000003B2 E8 FFFFFCF2                     	CALL	_task_switchsub
   353 000003B7 8B 15 [00000004]                	MOV	EDX,DWORD [_taskctl]
   354 000003BD 8B 02                           	MOV	EAX,DWORD [EDX]
   355 000003BF 69 C0 00000198                  	IMUL	EAX,EAX,408
   356 000003C5 8D 4C 10 08                     	LEA	ECX,DWORD [8+EAX+EDX*1]
   357 000003C9 EB BA                           	JMP	L70
   358 000003CB                                 L72:
   359 000003CB C7 41 04 00000000               	MOV	DWORD [4+ECX],0
   360 000003D2 EB AB                           	JMP	L69
   361 000003D4                                 	GLOBAL	_task_timer
   362                                          [SECTION .data]
   363 00000000                                 	ALIGNB	4
   364 00000000                                 _task_timer:
   365 00000000 00 00 00 00                     	RESB	4
   366 00000004                                 	GLOBAL	_taskctl
   367                                          [SECTION .data]
   368 00000004                                 	ALIGNB	4
   369 00000004                                 _taskctl:
   370 00000004 00 00 00 00                     	RESB	4
