     1 00000000                                 [FORMAT "WCOFF"]
     2 00000000                                 [INSTRSET "i486p"]
     3 00000000                                 [OPTIMIZE 1]
     4 00000000                                 [OPTION 1]
     5 00000000                                 [BITS 32]
     6 00000000                                 	EXTERN	_load_gdtr
     7 00000000                                 	EXTERN	_load_idtr
     8 00000000                                 	EXTERN	_asm_inthandler20
     9 00000000                                 	EXTERN	_asm_inthandler21
    10 00000000                                 	EXTERN	_asm_inthandler27
    11 00000000                                 	EXTERN	_asm_inthandler2c
    12 00000000                                 	EXTERN	_asm_hrb_api
    13 00000000                                 [FILE "dsctbl.c"]
    14                                          [SECTION .text]
    15 00000000                                 	GLOBAL	_init_gdtidt
    16 00000000                                 _init_gdtidt:
    17 00000000 55                              	PUSH	EBP
    18 00000001 89 E5                           	MOV	EBP,ESP
    19 00000003 56                              	PUSH	ESI
    20 00000004 53                              	PUSH	EBX
    21 00000005 BE 00270000                     	MOV	ESI,2555904
    22 0000000A BB 00001FFF                     	MOV	EBX,8191
    23 0000000F                                 L6:
    24 0000000F 6A 00                           	PUSH	0
    25 00000011 6A 00                           	PUSH	0
    26 00000013 6A 00                           	PUSH	0
    27 00000015 56                              	PUSH	ESI
    28 00000016 83 C6 08                        	ADD	ESI,8
    29 00000019 E8 000000EF                     	CALL	_set_segmdesc
    30 0000001E 83 C4 10                        	ADD	ESP,16
    31 00000021 4B                              	DEC	EBX
    32 00000022 79 EB                           	JNS	L6
    33 00000024 68 00004092                     	PUSH	16530
    34 00000029 BE 0026F800                     	MOV	ESI,2553856
    35 0000002E 6A 00                           	PUSH	0
    36 00000030 BB 000000FF                     	MOV	EBX,255
    37 00000035 6A FF                           	PUSH	-1
    38 00000037 68 00270008                     	PUSH	2555912
    39 0000003C E8 000000CC                     	CALL	_set_segmdesc
    40 00000041 68 0000409A                     	PUSH	16538
    41 00000046 68 00280000                     	PUSH	2621440
    42 0000004B 68 0007FFFF                     	PUSH	524287
    43 00000050 68 00270010                     	PUSH	2555920
    44 00000055 E8 000000B3                     	CALL	_set_segmdesc
    45 0000005A 83 C4 20                        	ADD	ESP,32
    46 0000005D 68 00270000                     	PUSH	2555904
    47 00000062 68 0000FFFF                     	PUSH	65535
    48 00000067 E8 [00000000]                   	CALL	_load_gdtr
    49 0000006C 58                              	POP	EAX
    50 0000006D 5A                              	POP	EDX
    51 0000006E                                 L11:
    52 0000006E 6A 00                           	PUSH	0
    53 00000070 6A 00                           	PUSH	0
    54 00000072 6A 00                           	PUSH	0
    55 00000074 56                              	PUSH	ESI
    56 00000075 83 C6 08                        	ADD	ESI,8
    57 00000078 E8 000000DA                     	CALL	_set_gatedesc
    58 0000007D 83 C4 10                        	ADD	ESP,16
    59 00000080 4B                              	DEC	EBX
    60 00000081 79 EB                           	JNS	L11
    61 00000083 68 0026F800                     	PUSH	2553856
    62 00000088 68 000007FF                     	PUSH	2047
    63 0000008D E8 [00000000]                   	CALL	_load_idtr
    64 00000092 68 0000008E                     	PUSH	142
    65 00000097 6A 10                           	PUSH	16
    66 00000099 68 [00000000]                   	PUSH	_asm_inthandler20
    67 0000009E 68 0026F900                     	PUSH	2554112
    68 000000A3 E8 000000AF                     	CALL	_set_gatedesc
    69 000000A8 68 0000008E                     	PUSH	142
    70 000000AD 6A 10                           	PUSH	16
    71 000000AF 68 [00000000]                   	PUSH	_asm_inthandler21
    72 000000B4 68 0026F908                     	PUSH	2554120
    73 000000B9 E8 00000099                     	CALL	_set_gatedesc
    74 000000BE 83 C4 28                        	ADD	ESP,40
    75 000000C1 68 0000008E                     	PUSH	142
    76 000000C6 6A 10                           	PUSH	16
    77 000000C8 68 [00000000]                   	PUSH	_asm_inthandler27
    78 000000CD 68 0026F938                     	PUSH	2554168
    79 000000D2 E8 00000080                     	CALL	_set_gatedesc
    80 000000D7 68 0000008E                     	PUSH	142
    81 000000DC 6A 10                           	PUSH	16
    82 000000DE 68 [00000000]                   	PUSH	_asm_inthandler2c
    83 000000E3 68 0026F960                     	PUSH	2554208
    84 000000E8 E8 0000006A                     	CALL	_set_gatedesc
    85 000000ED 83 C4 20                        	ADD	ESP,32
    86 000000F0 68 0000008E                     	PUSH	142
    87 000000F5 6A 10                           	PUSH	16
    88 000000F7 68 [00000000]                   	PUSH	_asm_hrb_api
    89 000000FC 68 0026FA00                     	PUSH	2554368
    90 00000101 E8 00000051                     	CALL	_set_gatedesc
    91 00000106 8D 65 F8                        	LEA	ESP,DWORD [-8+EBP]
    92 00000109 5B                              	POP	EBX
    93 0000010A 5E                              	POP	ESI
    94 0000010B 5D                              	POP	EBP
    95 0000010C C3                              	RET
    96 0000010D                                 	GLOBAL	_set_segmdesc
    97 0000010D                                 _set_segmdesc:
    98 0000010D 55                              	PUSH	EBP
    99 0000010E 89 E5                           	MOV	EBP,ESP
   100 00000110 53                              	PUSH	EBX
   101 00000111 8B 55 0C                        	MOV	EDX,DWORD [12+EBP]
   102 00000114 8B 4D 10                        	MOV	ECX,DWORD [16+EBP]
   103 00000117 8B 5D 08                        	MOV	EBX,DWORD [8+EBP]
   104 0000011A 8B 45 14                        	MOV	EAX,DWORD [20+EBP]
   105 0000011D 81 FA 000FFFFF                  	CMP	EDX,1048575
   106 00000123 76 08                           	JBE	L17
   107 00000125 C1 EA 0C                        	SHR	EDX,12
   108 00000128 0D 00008000                     	OR	EAX,32768
   109 0000012D                                 L17:
   110 0000012D 66 89 13                        	MOV	WORD [EBX],DX
   111 00000130 88 43 05                        	MOV	BYTE [5+EBX],AL
   112 00000133 C1 EA 10                        	SHR	EDX,16
   113 00000136 C1 F8 08                        	SAR	EAX,8
   114 00000139 83 E2 0F                        	AND	EDX,15
   115 0000013C 66 89 4B 02                     	MOV	WORD [2+EBX],CX
   116 00000140 83 E0 F0                        	AND	EAX,-16
   117 00000143 C1 F9 10                        	SAR	ECX,16
   118 00000146 09 C2                           	OR	EDX,EAX
   119 00000148 88 4B 04                        	MOV	BYTE [4+EBX],CL
   120 0000014B 88 53 06                        	MOV	BYTE [6+EBX],DL
   121 0000014E C1 F9 08                        	SAR	ECX,8
   122 00000151 88 4B 07                        	MOV	BYTE [7+EBX],CL
   123 00000154 5B                              	POP	EBX
   124 00000155 5D                              	POP	EBP
   125 00000156 C3                              	RET
   126 00000157                                 	GLOBAL	_set_gatedesc
   127 00000157                                 _set_gatedesc:
   128 00000157 55                              	PUSH	EBP
   129 00000158 89 E5                           	MOV	EBP,ESP
   130 0000015A 53                              	PUSH	EBX
   131 0000015B 8B 55 08                        	MOV	EDX,DWORD [8+EBP]
   132 0000015E 8B 45 10                        	MOV	EAX,DWORD [16+EBP]
   133 00000161 8B 5D 14                        	MOV	EBX,DWORD [20+EBP]
   134 00000164 8B 4D 0C                        	MOV	ECX,DWORD [12+EBP]
   135 00000167 66 89 42 02                     	MOV	WORD [2+EDX],AX
   136 0000016B 88 5A 05                        	MOV	BYTE [5+EDX],BL
   137 0000016E 66 89 0A                        	MOV	WORD [EDX],CX
   138 00000171 89 D8                           	MOV	EAX,EBX
   139 00000173 C1 F8 08                        	SAR	EAX,8
   140 00000176 C1 F9 10                        	SAR	ECX,16
   141 00000179 88 42 04                        	MOV	BYTE [4+EDX],AL
   142 0000017C 66 89 4A 06                     	MOV	WORD [6+EDX],CX
   143 00000180 5B                              	POP	EBX
   144 00000181 5D                              	POP	EBP
   145 00000182 C3                              	RET
