     1 00000000                                 ; naskfunc
     2 00000000                                 ; TAB=4
     3 00000000                                 
     4 00000000                                 [FORMAT "WCOFF"]				; オブジェクトファイルを作るモード	
     5 00000000                                 [INSTRSET "i486p"]				; 486の命令まで使いたいという記述
     6 00000000                                 [BITS 32]						; 32ビットモード用の機械語を作らせる
     7 00000000                                 [FILE "naskfunc.nas"]			; ソースファイル名情報
     8 00000000                                 
     9 00000000                                 		GLOBAL	_io_hlt, _io_cli, _io_sti, _io_stihlt
    10 00000000                                 		GLOBAL	_io_in8,  _io_in16,  _io_in32
    11 00000000                                 		GLOBAL	_io_out8, _io_out16, _io_out32
    12 00000000                                 		GLOBAL	_io_load_eflags, _io_store_eflags
    13 00000000                                 		GLOBAL	_load_gdtr, _load_idtr
    14 00000000                                 		GLOBAL	_load_cr0, _store_cr0
    15 00000000                                 		GLOBAL	_load_tr
    16 00000000                                 		GLOBAL	_asm_inthandler20, _asm_inthandler21
    17 00000000                                 		GLOBAL	_asm_inthandler27, _asm_inthandler2c
    18 00000000                                 		GLOBAL	_asm_inthandler0d
    19 00000000                                 		GLOBAL	_memtest_sub
    20 00000000                                 		GLOBAL	_farjmp, _farcall
    21 00000000                                 		GLOBAL	_asm_hrb_api, _start_app
    22 00000000                                 		EXTERN	_inthandler20, _inthandler21
    23 00000000                                 		EXTERN	_inthandler27, _inthandler2c
    24 00000000                                 		EXTERN	_inthandler0d
    25 00000000                                 		EXTERN	_hrb_api
    26 00000000                                 
    27                                          [SECTION .text]
    28 00000000                                 
    29 00000000                                 _io_hlt:	; void io_hlt(void);
    30 00000000 F4                              		HLT
    31 00000001 C3                              		RET
    32 00000002                                 
    33 00000002                                 _io_cli:	; void io_cli(void);
    34 00000002 FA                              		CLI
    35 00000003 C3                              		RET
    36 00000004                                 
    37 00000004                                 _io_sti:	; void io_sti(void);
    38 00000004 FB                              		STI
    39 00000005 C3                              		RET
    40 00000006                                 
    41 00000006                                 _io_stihlt:	; void io_stihlt(void);
    42 00000006 FB                              		STI
    43 00000007 F4                              		HLT
    44 00000008 C3                              		RET
    45 00000009                                 
    46 00000009                                 _io_in8:	; int io_in8(int port);
    47 00000009 8B 54 24 04                     		MOV		EDX,[ESP+4]		; port
    48 0000000D B8 00000000                     		MOV		EAX,0
    49 00000012 EC                              		IN		AL,DX
    50 00000013 C3                              		RET
    51 00000014                                 
    52 00000014                                 _io_in16:	; int io_in16(int port);
    53 00000014 8B 54 24 04                     		MOV		EDX,[ESP+4]		; port
    54 00000018 B8 00000000                     		MOV		EAX,0
    55 0000001D 66 ED                           		IN		AX,DX
    56 0000001F C3                              		RET
    57 00000020                                 
    58 00000020                                 _io_in32:	; int io_in32(int port);
    59 00000020 8B 54 24 04                     		MOV		EDX,[ESP+4]		; port
    60 00000024 ED                              		IN		EAX,DX
    61 00000025 C3                              		RET
    62 00000026                                 
    63 00000026                                 _io_out8:	; void io_out8(int port, int data);
    64 00000026 8B 54 24 04                     		MOV		EDX,[ESP+4]		; port
    65 0000002A 8A 44 24 08                     		MOV		AL,[ESP+8]		; data
    66 0000002E EE                              		OUT		DX,AL
    67 0000002F C3                              		RET
    68 00000030                                 
    69 00000030                                 _io_out16:	; void io_out16(int port, int data);
    70 00000030 8B 54 24 04                     		MOV		EDX,[ESP+4]		; port
    71 00000034 8B 44 24 08                     		MOV		EAX,[ESP+8]		; data
    72 00000038 66 EF                           		OUT		DX,AX
    73 0000003A C3                              		RET
    74 0000003B                                 
    75 0000003B                                 _io_out32:	; void io_out32(int port, int data);
    76 0000003B 8B 54 24 04                     		MOV		EDX,[ESP+4]		; port
    77 0000003F 8B 44 24 08                     		MOV		EAX,[ESP+8]		; data
    78 00000043 EF                              		OUT		DX,EAX
    79 00000044 C3                              		RET
    80 00000045                                 
    81 00000045                                 _io_load_eflags:	; int io_load_eflags(void);
    82 00000045 9C                              		PUSHFD		; PUSH EFLAGS という意味
    83 00000046 58                              		POP		EAX
    84 00000047 C3                              		RET
    85 00000048                                 
    86 00000048                                 _io_store_eflags:	; void io_store_eflags(int eflags);
    87 00000048 8B 44 24 04                     		MOV		EAX,[ESP+4]
    88 0000004C 50                              		PUSH	EAX
    89 0000004D 9D                              		POPFD		; POP EFLAGS という意味
    90 0000004E C3                              		RET
    91 0000004F                                 
    92 0000004F                                 _load_gdtr:		; void load_gdtr(int limit, int addr);
    93 0000004F 66 8B 44 24 04                  		MOV		AX,[ESP+4]		; limit
    94 00000054 66 89 44 24 06                  		MOV		[ESP+6],AX
    95 00000059 0F 01 54 24 06                  		LGDT	[ESP+6]
    96 0000005E C3                              		RET
    97 0000005F                                 
    98 0000005F                                 _load_idtr:		; void load_idtr(int limit, int addr);
    99 0000005F 66 8B 44 24 04                  		MOV		AX,[ESP+4]		; limit
   100 00000064 66 89 44 24 06                  		MOV		[ESP+6],AX
   101 00000069 0F 01 5C 24 06                  		LIDT	[ESP+6]
   102 0000006E C3                              		RET
   103 0000006F                                 
   104 0000006F                                 _load_cr0:		; int load_cr0(void);
   105 0000006F 0F 20 C0                        		MOV		EAX,CR0
   106 00000072 C3                              		RET
   107 00000073                                 
   108 00000073                                 _store_cr0:		; void store_cr0(int cr0);
   109 00000073 8B 44 24 04                     		MOV		EAX,[ESP+4]
   110 00000077 0F 22 C0                        		MOV		CR0,EAX
   111 0000007A C3                              		RET
   112 0000007B                                 
   113 0000007B                                 _load_tr:		; void load_tr(int tr);
   114 0000007B 0F 00 5C 24 04                  		LTR		[ESP+4]			; tr
   115 00000080 C3                              		RET
   116 00000081                                 
   117 00000081                                 _asm_inthandler20:
   118 00000081 06                              		PUSH	ES
   119 00000082 1E                              		PUSH	DS
   120 00000083 60                              		PUSHAD
   121 00000084 89 E0                           		MOV		EAX,ESP
   122 00000086 50                              		PUSH	EAX
   123 00000087 66 8C D0                        		MOV		AX,SS
   124 0000008A 8E D8                           		MOV		DS,AX
   125 0000008C 8E C0                           		MOV		ES,AX
   126 0000008E E8 [00000000]                   		CALL	_inthandler20
   127 00000093 58                              		POP		EAX
   128 00000094 61                              		POPAD
   129 00000095 1F                              		POP		DS
   130 00000096 07                              		POP		ES
   131 00000097 CF                              		IRETD
   132 00000098                                 
   133 00000098                                 _asm_inthandler21:
   134 00000098 06                              		PUSH	ES
   135 00000099 1E                              		PUSH	DS
   136 0000009A 60                              		PUSHAD
   137 0000009B 89 E0                           		MOV		EAX,ESP
   138 0000009D 50                              		PUSH	EAX
   139 0000009E 66 8C D0                        		MOV		AX,SS
   140 000000A1 8E D8                           		MOV		DS,AX
   141 000000A3 8E C0                           		MOV		ES,AX
   142 000000A5 E8 [00000000]                   		CALL	_inthandler21
   143 000000AA 58                              		POP		EAX
   144 000000AB 61                              		POPAD
   145 000000AC 1F                              		POP		DS
   146 000000AD 07                              		POP		ES
   147 000000AE CF                              		IRETD
   148 000000AF                                 
   149 000000AF                                 _asm_inthandler27:
   150 000000AF 06                              		PUSH	ES
   151 000000B0 1E                              		PUSH	DS
   152 000000B1 60                              		PUSHAD
   153 000000B2 89 E0                           		MOV		EAX,ESP
   154 000000B4 50                              		PUSH	EAX
   155 000000B5 66 8C D0                        		MOV		AX,SS
   156 000000B8 8E D8                           		MOV		DS,AX
   157 000000BA 8E C0                           		MOV		ES,AX
   158 000000BC E8 [00000000]                   		CALL	_inthandler27
   159 000000C1 58                              		POP		EAX
   160 000000C2 61                              		POPAD
   161 000000C3 1F                              		POP		DS
   162 000000C4 07                              		POP		ES
   163 000000C5 CF                              		IRETD
   164 000000C6                                 
   165 000000C6                                 _asm_inthandler2c:
   166 000000C6 06                              		PUSH	ES
   167 000000C7 1E                              		PUSH	DS
   168 000000C8 60                              		PUSHAD
   169 000000C9 89 E0                           		MOV		EAX,ESP
   170 000000CB 50                              		PUSH	EAX
   171 000000CC 66 8C D0                        		MOV		AX,SS
   172 000000CF 8E D8                           		MOV		DS,AX
   173 000000D1 8E C0                           		MOV		ES,AX
   174 000000D3 E8 [00000000]                   		CALL	_inthandler2c
   175 000000D8 58                              		POP		EAX
   176 000000D9 61                              		POPAD
   177 000000DA 1F                              		POP		DS
   178 000000DB 07                              		POP		ES
   179 000000DC CF                              		IRETD
   180 000000DD                                 
   181 000000DD                                 _asm_inthandler0d:
   182 000000DD FB                              		STI
   183 000000DE 06                              		PUSH	ES
   184 000000DF 1E                              		PUSH	DS
   185 000000E0 60                              		PUSHAD
   186 000000E1 89 E0                           		MOV		EAX,ESP
   187 000000E3 50                              		PUSH	EAX
   188 000000E4 66 8C D0                        		MOV		AX,SS
   189 000000E7 8E D8                           		MOV		DS,AX
   190 000000E9 8E C0                           		MOV		ES,AX
   191 000000EB E8 [00000000]                   		CALL	_inthandler0d
   192 000000F0 83 F8 00                        		CMP		EAX,0		; ここだけ違う
   193 000000F3 75 71                           		JNE		end_app		; ここだけ違う
   194 000000F5 58                              		POP		EAX
   195 000000F6 61                              		POPAD
   196 000000F7 1F                              		POP		DS
   197 000000F8 07                              		POP		ES
   198 000000F9 83 C4 04                        		ADD		ESP,4			; INT 0x0d では、これが必要
   199 000000FC CF                              		IRETD
   200 000000FD                                 
   201 000000FD                                 _memtest_sub:	; unsigned int memtest_sub(unsigned int start, unsigned int end)
   202 000000FD 57                              		PUSH	EDI						; （EBX, ESI, EDI も使いたいので）
   203 000000FE 56                              		PUSH	ESI
   204 000000FF 53                              		PUSH	EBX
   205 00000100 BE AA55AA55                     		MOV		ESI,0xaa55aa55			; pat0 = 0xaa55aa55;
   206 00000105 BF 55AA55AA                     		MOV		EDI,0x55aa55aa			; pat1 = 0x55aa55aa;
   207 0000010A 8B 44 24 10                     		MOV		EAX,[ESP+12+4]			; i = start;
   208 0000010E                                 mts_loop:
   209 0000010E 89 C3                           		MOV		EBX,EAX
   210 00000110 81 C3 00000FFC                  		ADD		EBX,0xffc				; p = i + 0xffc;
   211 00000116 8B 13                           		MOV		EDX,[EBX]				; old = *p;
   212 00000118 89 33                           		MOV		[EBX],ESI				; *p = pat0;
   213 0000011A 83 33 FF                        		XOR		DWORD [EBX],0xffffffff	; *p ^= 0xffffffff;
   214 0000011D 3B 3B                           		CMP		EDI,[EBX]				; if (*p != pat1) goto fin;
   215 0000011F 75 18                           		JNE		mts_fin
   216 00000121 83 33 FF                        		XOR		DWORD [EBX],0xffffffff	; *p ^= 0xffffffff;
   217 00000124 3B 33                           		CMP		ESI,[EBX]				; if (*p != pat0) goto fin;
   218 00000126 75 11                           		JNE		mts_fin
   219 00000128 89 13                           		MOV		[EBX],EDX				; *p = old;
   220 0000012A 05 00001000                     		ADD		EAX,0x1000				; i += 0x1000;
   221 0000012F 3B 44 24 14                     		CMP		EAX,[ESP+12+8]			; if (i <= end) goto mts_loop;
   222 00000133 76 D9                           		JBE		mts_loop
   223 00000135 5B                              		POP		EBX
   224 00000136 5E                              		POP		ESI
   225 00000137 5F                              		POP		EDI
   226 00000138 C3                              		RET
   227 00000139                                 mts_fin:
   228 00000139 89 13                           		MOV		[EBX],EDX				; *p = old;
   229 0000013B 5B                              		POP		EBX
   230 0000013C 5E                              		POP		ESI
   231 0000013D 5F                              		POP		EDI
   232 0000013E C3                              		RET
   233 0000013F                                 
   234 0000013F                                 _farjmp:		; void farjmp(int eip, int cs);
   235 0000013F FF 6C 24 04                     		JMP		FAR	[ESP+4]				; eip, cs
   236 00000143 C3                              		RET
   237 00000144                                 
   238 00000144                                 _farcall:		; void farcall(int eip, int cs);
   239 00000144 FF 5C 24 04                     		CALL	FAR	[ESP+4]				; eip, cs
   240 00000148 C3                              		RET
   241 00000149                                 
   242 00000149                                 _asm_hrb_api:
   243 00000149 FB                              		STI
   244 0000014A 1E                              		PUSH	DS
   245 0000014B 06                              		PUSH	ES
   246 0000014C 60                              		PUSHAD		; 保存のためのPUSH
   247 0000014D 60                              		PUSHAD		; hrb_apiにわたすためのPUSH
   248 0000014E 66 8C D0                        		MOV		AX,SS
   249 00000151 8E D8                           		MOV		DS,AX		; OS用のセグメントをDSとESにも入れる
   250 00000153 8E C0                           		MOV		ES,AX
   251 00000155 E8 [00000000]                   		CALL	_hrb_api
   252 0000015A 83 F8 00                        		CMP		EAX,0		; EAXが0でなければアプリ終了処理
   253 0000015D 75 07                           		JNE		end_app
   254 0000015F 83 C4 20                        		ADD		ESP,32
   255 00000162 61                              		POPAD
   256 00000163 07                              		POP		ES
   257 00000164 1F                              		POP		DS
   258 00000165 CF                              		IRETD
   259 00000166                                 end_app:
   260 00000166                                 ;	EAXはtss.esp0の番地
   261 00000166 8B 20                           		MOV		ESP,[EAX]
   262 00000168 61                              		POPAD
   263 00000169 C3                              		RET					; cmd_appへ帰る
   264 0000016A                                 
   265 0000016A                                 _start_app:		; void start_app(int eip, int cs, int esp, int ds, int *tss_esp0);
   266 0000016A 60                              		PUSHAD		; 32ビットレジスタを全部保存しておく
   267 0000016B 8B 44 24 24                     		MOV		EAX,[ESP+36]	; アプリ用のEIP
   268 0000016F 8B 4C 24 28                     		MOV		ECX,[ESP+40]	; アプリ用のCS
   269 00000173 8B 54 24 2C                     		MOV		EDX,[ESP+44]	; アプリ用のESP
   270 00000177 8B 5C 24 30                     		MOV		EBX,[ESP+48]	; アプリ用のDS/SS
   271 0000017B 8B 6C 24 34                     		MOV		EBP,[ESP+52]	; tss.esp0の番地
   272 0000017F 89 65 00                        		MOV		[EBP  ],ESP		; OS用のESPを保存
   273 00000182 8C 55 04                        		MOV		[EBP+4],SS		; OS用のSSを保存
   274 00000185 8E C3                           		MOV		ES,BX
   275 00000187 8E DB                           		MOV		DS,BX
   276 00000189 8E E3                           		MOV		FS,BX
   277 0000018B 8E EB                           		MOV		GS,BX
   278 0000018D                                 ;	以下はRETFでアプリに行かせるためのスタック調整
   279 0000018D 83 C9 03                        		OR		ECX,3			; アプリ用のセグメント番号に3をORする
   280 00000190 83 CB 03                        		OR		EBX,3			; アプリ用のセグメント番号に3をORする
   281 00000193 53                              		PUSH	EBX				; アプリのSS
   282 00000194 52                              		PUSH	EDX				; アプリのESP
   283 00000195 51                              		PUSH	ECX				; アプリのCS
   284 00000196 50                              		PUSH	EAX				; アプリのEIP
   285 00000197 CB                              		RETF
   286 00000198                                 ;	アプリが終了してもここには来ない
